#! /usr/bin/vvp
:ivl_version "12.0 (stable)";
:ivl_delay_selection "TYPICAL";
:vpi_time_precision - 12;
:vpi_module "/usr/lib64/ivl/system.vpi";
:vpi_module "/usr/lib64/ivl/vhdl_sys.vpi";
:vpi_module "/usr/lib64/ivl/vhdl_textio.vpi";
:vpi_module "/usr/lib64/ivl/v2005_math.vpi";
:vpi_module "/usr/lib64/ivl/va_math.vpi";
S_0x56093ac2f150 .scope module, "test_sync_arith_unit_29" "test_sync_arith_unit_29" 2 5;
 .timescale -9 -12;
P_0x56093ac2f2e0 .param/l "M" 0 2 7, +C4<00000000000000000000000000100000>;
P_0x56093ac2f320 .param/l "OP_BITWISE_SHIFT" 1 2 16, C4<0000>;
P_0x56093ac2f360 .param/l "OP_COMPARE_AS" 1 2 17, C4<0001>;
P_0x56093ac2f3a0 .param/l "OP_DIVIDE" 1 2 18, C4<0010>;
P_0x56093ac2f3e0 .param/l "OP_ZM_TO_U2" 1 2 19, C4<0011>;
v0x56093ac69d10_0 .var "clk", 0 0;
v0x56093ac69dd0_0 .var "i_reset", 0 0;
v0x56093ac69ee0_0 .var "iarg_A", 31 0;
v0x56093ac69f80_0 .var "iarg_B", 31 0;
v0x56093ac6a050_0 .var "iop", 3 0;
v0x56093ac6a140_0 .net "o_result", 31 0, v0x56093ac69a70_0;  1 drivers
v0x56093ac6a210_0 .net "o_status", 3 0, v0x56093ac69b50_0;  1 drivers
S_0x56093ac3aa10 .scope task, "display_results" "display_results" 2 106, 2 106 0, S_0x56093ac2f150;
 .timescale -9 -12;
TD_test_sync_arith_unit_29.display_results ;
    %vpi_call 2 107 "$display", "Time: %t, Operation: %b, A: %b, B: %b, Result: %b, Status: %b", $time, v0x56093ac6a050_0, v0x56093ac69ee0_0, v0x56093ac69f80_0, v0x56093ac6a140_0, v0x56093ac6a210_0 {0 0 0};
    %end;
S_0x56093ac3abf0 .scope task, "performTest" "performTest" 2 94, 2 94 0, S_0x56093ac2f150;
 .timescale -9 -12;
v0x56093ac478d0_0 .var "argA", 31 0;
v0x56093ac47970_0 .var "argB", 31 0;
v0x56093ac674c0_0 .var "op", 3 0;
TD_test_sync_arith_unit_29.performTest ;
    %load/vec4 v0x56093ac478d0_0;
    %assign/vec4 v0x56093ac69ee0_0, 0;
    %load/vec4 v0x56093ac47970_0;
    %assign/vec4 v0x56093ac69f80_0, 0;
    %load/vec4 v0x56093ac674c0_0;
    %assign/vec4 v0x56093ac6a050_0, 0;
    %delay 20000, 0;
    %fork TD_test_sync_arith_unit_29.display_results, S_0x56093ac3aa10;
    %join;
    %end;
S_0x56093ac67580 .scope task, "perform_compare_as_tests" "perform_compare_as_tests" 2 62, 2 62 0, S_0x56093ac2f150;
 .timescale -9 -12;
TD_test_sync_arith_unit_29.perform_compare_as_tests ;
    %pushi/vec4 1, 0, 32;
    %store/vec4 v0x56093ac478d0_0, 0, 32;
    %pushi/vec4 4294967295, 0, 32;
    %store/vec4 v0x56093ac47970_0, 0, 32;
    %pushi/vec4 1, 0, 4;
    %store/vec4 v0x56093ac674c0_0, 0, 4;
    %fork TD_test_sync_arith_unit_29.performTest, S_0x56093ac3abf0;
    %join;
    %pushi/vec4 2, 0, 32;
    %store/vec4 v0x56093ac478d0_0, 0, 32;
    %pushi/vec4 4294967294, 0, 32;
    %store/vec4 v0x56093ac47970_0, 0, 32;
    %pushi/vec4 1, 0, 4;
    %store/vec4 v0x56093ac674c0_0, 0, 4;
    %fork TD_test_sync_arith_unit_29.performTest, S_0x56093ac3abf0;
    %join;
    %pushi/vec4 3, 0, 32;
    %store/vec4 v0x56093ac478d0_0, 0, 32;
    %pushi/vec4 4294967293, 0, 32;
    %store/vec4 v0x56093ac47970_0, 0, 32;
    %pushi/vec4 1, 0, 4;
    %store/vec4 v0x56093ac674c0_0, 0, 4;
    %fork TD_test_sync_arith_unit_29.performTest, S_0x56093ac3abf0;
    %join;
    %pushi/vec4 4, 0, 32;
    %store/vec4 v0x56093ac478d0_0, 0, 32;
    %pushi/vec4 4294967292, 0, 32;
    %store/vec4 v0x56093ac47970_0, 0, 32;
    %pushi/vec4 1, 0, 4;
    %store/vec4 v0x56093ac674c0_0, 0, 4;
    %fork TD_test_sync_arith_unit_29.performTest, S_0x56093ac3abf0;
    %join;
    %pushi/vec4 5, 0, 32;
    %store/vec4 v0x56093ac478d0_0, 0, 32;
    %pushi/vec4 4294967291, 0, 32;
    %store/vec4 v0x56093ac47970_0, 0, 32;
    %pushi/vec4 1, 0, 4;
    %store/vec4 v0x56093ac674c0_0, 0, 4;
    %fork TD_test_sync_arith_unit_29.performTest, S_0x56093ac3abf0;
    %join;
    %end;
S_0x56093ac67760 .scope task, "perform_divide_tests" "perform_divide_tests" 2 73, 2 73 0, S_0x56093ac2f150;
 .timescale -9 -12;
TD_test_sync_arith_unit_29.perform_divide_tests ;
    %pushi/vec4 16, 0, 32;
    %store/vec4 v0x56093ac478d0_0, 0, 32;
    %pushi/vec4 2, 0, 32;
    %store/vec4 v0x56093ac47970_0, 0, 32;
    %pushi/vec4 2, 0, 4;
    %store/vec4 v0x56093ac674c0_0, 0, 4;
    %fork TD_test_sync_arith_unit_29.performTest, S_0x56093ac3abf0;
    %join;
    %pushi/vec4 4294967295, 0, 32;
    %store/vec4 v0x56093ac478d0_0, 0, 32;
    %pushi/vec4 1, 0, 32;
    %store/vec4 v0x56093ac47970_0, 0, 32;
    %pushi/vec4 2, 0, 4;
    %store/vec4 v0x56093ac674c0_0, 0, 4;
    %fork TD_test_sync_arith_unit_29.performTest, S_0x56093ac3abf0;
    %join;
    %pushi/vec4 9, 0, 32;
    %store/vec4 v0x56093ac478d0_0, 0, 32;
    %pushi/vec4 3, 0, 32;
    %store/vec4 v0x56093ac47970_0, 0, 32;
    %pushi/vec4 2, 0, 4;
    %store/vec4 v0x56093ac674c0_0, 0, 4;
    %fork TD_test_sync_arith_unit_29.performTest, S_0x56093ac3abf0;
    %join;
    %pushi/vec4 8, 0, 32;
    %store/vec4 v0x56093ac478d0_0, 0, 32;
    %pushi/vec4 2, 0, 32;
    %store/vec4 v0x56093ac47970_0, 0, 32;
    %pushi/vec4 2, 0, 4;
    %store/vec4 v0x56093ac674c0_0, 0, 4;
    %fork TD_test_sync_arith_unit_29.performTest, S_0x56093ac3abf0;
    %join;
    %pushi/vec4 7, 0, 32;
    %store/vec4 v0x56093ac478d0_0, 0, 32;
    %pushi/vec4 1, 0, 32;
    %store/vec4 v0x56093ac47970_0, 0, 32;
    %pushi/vec4 2, 0, 4;
    %store/vec4 v0x56093ac674c0_0, 0, 4;
    %fork TD_test_sync_arith_unit_29.performTest, S_0x56093ac3abf0;
    %join;
    %end;
S_0x56093ac67940 .scope task, "perform_shift_tests" "perform_shift_tests" 2 51, 2 51 0, S_0x56093ac2f150;
 .timescale -9 -12;
TD_test_sync_arith_unit_29.perform_shift_tests ;
    %pushi/vec4 2779096485, 0, 32;
    %store/vec4 v0x56093ac478d0_0, 0, 32;
    %pushi/vec4 0, 0, 32;
    %store/vec4 v0x56093ac47970_0, 0, 32;
    %pushi/vec4 0, 0, 4;
    %store/vec4 v0x56093ac674c0_0, 0, 4;
    %fork TD_test_sync_arith_unit_29.performTest, S_0x56093ac3abf0;
    %join;
    %pushi/vec4 2779096485, 0, 32;
    %store/vec4 v0x56093ac478d0_0, 0, 32;
    %pushi/vec4 1, 0, 32;
    %store/vec4 v0x56093ac47970_0, 0, 32;
    %pushi/vec4 0, 0, 4;
    %store/vec4 v0x56093ac674c0_0, 0, 4;
    %fork TD_test_sync_arith_unit_29.performTest, S_0x56093ac3abf0;
    %join;
    %pushi/vec4 2779096485, 0, 32;
    %store/vec4 v0x56093ac478d0_0, 0, 32;
    %pushi/vec4 2, 0, 32;
    %store/vec4 v0x56093ac47970_0, 0, 32;
    %pushi/vec4 0, 0, 4;
    %store/vec4 v0x56093ac674c0_0, 0, 4;
    %fork TD_test_sync_arith_unit_29.performTest, S_0x56093ac3abf0;
    %join;
    %pushi/vec4 2779096485, 0, 32;
    %store/vec4 v0x56093ac478d0_0, 0, 32;
    %pushi/vec4 3, 0, 32;
    %store/vec4 v0x56093ac47970_0, 0, 32;
    %pushi/vec4 0, 0, 4;
    %store/vec4 v0x56093ac674c0_0, 0, 4;
    %fork TD_test_sync_arith_unit_29.performTest, S_0x56093ac3abf0;
    %join;
    %pushi/vec4 2779096485, 0, 32;
    %store/vec4 v0x56093ac478d0_0, 0, 32;
    %pushi/vec4 4, 0, 32;
    %store/vec4 v0x56093ac47970_0, 0, 32;
    %pushi/vec4 0, 0, 4;
    %store/vec4 v0x56093ac674c0_0, 0, 4;
    %fork TD_test_sync_arith_unit_29.performTest, S_0x56093ac3abf0;
    %join;
    %end;
S_0x56093ac67b70 .scope task, "perform_zm_to_u2_tests" "perform_zm_to_u2_tests" 2 84, 2 84 0, S_0x56093ac2f150;
 .timescale -9 -12;
TD_test_sync_arith_unit_29.perform_zm_to_u2_tests ;
    %pushi/vec4 2147483648, 0, 32;
    %store/vec4 v0x56093ac478d0_0, 0, 32;
    %pushi/vec4 0, 0, 32;
    %store/vec4 v0x56093ac47970_0, 0, 32;
    %pushi/vec4 3, 0, 4;
    %store/vec4 v0x56093ac674c0_0, 0, 4;
    %fork TD_test_sync_arith_unit_29.performTest, S_0x56093ac3abf0;
    %join;
    %pushi/vec4 2147483647, 0, 32;
    %store/vec4 v0x56093ac478d0_0, 0, 32;
    %pushi/vec4 0, 0, 32;
    %store/vec4 v0x56093ac47970_0, 0, 32;
    %pushi/vec4 3, 0, 4;
    %store/vec4 v0x56093ac674c0_0, 0, 4;
    %fork TD_test_sync_arith_unit_29.performTest, S_0x56093ac3abf0;
    %join;
    %pushi/vec4 2147483649, 0, 32;
    %store/vec4 v0x56093ac478d0_0, 0, 32;
    %pushi/vec4 0, 0, 32;
    %store/vec4 v0x56093ac47970_0, 0, 32;
    %pushi/vec4 3, 0, 4;
    %store/vec4 v0x56093ac674c0_0, 0, 4;
    %fork TD_test_sync_arith_unit_29.performTest, S_0x56093ac3abf0;
    %join;
    %pushi/vec4 2147483646, 0, 32;
    %store/vec4 v0x56093ac478d0_0, 0, 32;
    %pushi/vec4 0, 0, 32;
    %store/vec4 v0x56093ac47970_0, 0, 32;
    %pushi/vec4 3, 0, 4;
    %store/vec4 v0x56093ac674c0_0, 0, 4;
    %fork TD_test_sync_arith_unit_29.performTest, S_0x56093ac3abf0;
    %join;
    %pushi/vec4 2147483650, 0, 32;
    %store/vec4 v0x56093ac478d0_0, 0, 32;
    %pushi/vec4 0, 0, 32;
    %store/vec4 v0x56093ac47970_0, 0, 32;
    %pushi/vec4 3, 0, 4;
    %store/vec4 v0x56093ac674c0_0, 0, 4;
    %fork TD_test_sync_arith_unit_29.performTest, S_0x56093ac3abf0;
    %join;
    %end;
S_0x56093ac67d50 .scope module, "uut" "sync_arith_unit_29" 2 21, 3 5 0, S_0x56093ac2f150;
 .timescale -9 -12;
    .port_info 0 /INPUT 32 "iarg_A";
    .port_info 1 /INPUT 32 "iarg_B";
    .port_info 2 /INPUT 4 "iop";
    .port_info 3 /INPUT 1 "clk";
    .port_info 4 /INPUT 1 "i_reset";
    .port_info 5 /OUTPUT 32 "o_result";
    .port_info 6 /OUTPUT 4 "o_status";
P_0x56093ac67f30 .param/l "ERROR" 1 3 20, +C4<00000000000000000000000000000011>;
P_0x56093ac67f70 .param/l "M" 0 3 5, +C4<00000000000000000000000000100000>;
P_0x56093ac67fb0 .param/l "NOT_EVEN_1" 1 3 21, +C4<00000000000000000000000000000010>;
P_0x56093ac67ff0 .param/l "OP_BITWISE_SHIFT" 1 3 15, C4<0000>;
P_0x56093ac68030 .param/l "OP_COMPARE_AS" 1 3 16, C4<0001>;
P_0x56093ac68070 .param/l "OP_DIVIDE" 1 3 17, C4<0010>;
P_0x56093ac680b0 .param/l "OP_ZM_TO_U2" 1 3 18, C4<0011>;
P_0x56093ac680f0 .param/l "OVERFLOW" 1 3 23, +C4<00000000000000000000000000000000>;
P_0x56093ac68130 .param/l "ZEROS" 1 3 22, +C4<00000000000000000000000000000001>;
v0x56093ac69360_0 .net "clk", 0 0, v0x56093ac69d10_0;  1 drivers
v0x56093ac69420_0 .net "div_quotient", 31 0, v0x56093ac68f40_0;  1 drivers
v0x56093ac694f0_0 .net "div_remainder", 31 0, v0x56093ac69020_0;  1 drivers
v0x56093ac695f0_0 .net "i_reset", 0 0, v0x56093ac69dd0_0;  1 drivers
v0x56093ac696c0_0 .net "iarg_A", 31 0, v0x56093ac69ee0_0;  1 drivers
v0x56093ac69760_0 .net "iarg_B", 31 0, v0x56093ac69f80_0;  1 drivers
v0x56093ac69820_0 .var "internal_dividend", 31 0;
v0x56093ac698e0_0 .var "internal_divisor", 31 0;
v0x56093ac699b0_0 .net "iop", 3 0, v0x56093ac6a050_0;  1 drivers
v0x56093ac69a70_0 .var "o_result", 31 0;
v0x56093ac69b50_0 .var "o_status", 3 0;
S_0x56093ac68610 .scope module, "div_unit" "divider" 3 28, 4 1 0, S_0x56093ac67d50;
 .timescale 0 0;
    .port_info 0 /INPUT 1 "clk";
    .port_info 1 /INPUT 1 "reset";
    .port_info 2 /INPUT 32 "dividend";
    .port_info 3 /INPUT 32 "divisor";
    .port_info 4 /OUTPUT 32 "quotient";
    .port_info 5 /OUTPUT 32 "remainder";
P_0x56093ac687f0 .param/l "M" 0 4 2, +C4<00000000000000000000000000100000>;
v0x56093ac689a0_0 .net "clk", 0 0, v0x56093ac69d10_0;  alias, 1 drivers
v0x56093ac68a80_0 .var "count", 5 0;
v0x56093ac68b60_0 .net "dividend", 31 0, v0x56093ac69820_0;  1 drivers
v0x56093ac68c50_0 .net "divisor", 31 0, v0x56093ac698e0_0;  1 drivers
v0x56093ac68d30_0 .var "internal_dividend", 63 0;
v0x56093ac68e60_0 .var "internal_divisor", 31 0;
v0x56093ac68f40_0 .var "quotient", 31 0;
v0x56093ac69020_0 .var "remainder", 31 0;
v0x56093ac69100_0 .net "reset", 0 0, v0x56093ac69dd0_0;  alias, 1 drivers
v0x56093ac691c0_0 .var "temp_quotient", 31 0;
E_0x56093ac2a070/0 .event negedge, v0x56093ac69100_0;
E_0x56093ac2a070/1 .event posedge, v0x56093ac689a0_0;
E_0x56093ac2a070 .event/or E_0x56093ac2a070/0, E_0x56093ac2a070/1;
    .scope S_0x56093ac68610;
T_6 ;
    %wait E_0x56093ac2a070;
    %load/vec4 v0x56093ac69100_0;
    %nor/r;
    %flag_set/vec4 8;
    %jmp/0xz  T_6.0, 8;
    %pushi/vec4 0, 0, 32;
    %assign/vec4 v0x56093ac68f40_0, 0;
    %pushi/vec4 0, 0, 32;
    %assign/vec4 v0x56093ac69020_0, 0;
    %pushi/vec4 0, 0, 6;
    %assign/vec4 v0x56093ac68a80_0, 0;
    %jmp T_6.1;
T_6.0 ;
    %load/vec4 v0x56093ac68a80_0;
    %pad/u 32;
    %cmpi/e 0, 0, 32;
    %jmp/0xz  T_6.2, 4;
    %load/vec4 v0x56093ac68c50_0;
    %cmpi/e 0, 0, 32;
    %jmp/0xz  T_6.4, 4;
    %pushi/vec4 0, 0, 32;
    %assign/vec4 v0x56093ac68f40_0, 0;
    %pushi/vec4 0, 0, 32;
    %assign/vec4 v0x56093ac69020_0, 0;
    %jmp T_6.5;
T_6.4 ;
    %pushi/vec4 0, 0, 64;
    %load/vec4 v0x56093ac68b60_0;
    %pad/u 64;
    %or;
    %assign/vec4 v0x56093ac68d30_0, 0;
    %load/vec4 v0x56093ac68c50_0;
    %assign/vec4 v0x56093ac68e60_0, 0;
    %pushi/vec4 0, 0, 32;
    %assign/vec4 v0x56093ac691c0_0, 0;
    %pushi/vec4 32, 0, 6;
    %assign/vec4 v0x56093ac68a80_0, 0;
T_6.5 ;
    %jmp T_6.3;
T_6.2 ;
    %load/vec4 v0x56093ac691c0_0;
    %ix/load 4, 1, 0;
    %flag_set/imm 4, 0;
    %shiftl 4;
    %assign/vec4 v0x56093ac691c0_0, 0;
    %load/vec4 v0x56093ac68d30_0;
    %ix/load 4, 1, 0;
    %flag_set/imm 4, 0;
    %shiftl 4;
    %assign/vec4 v0x56093ac68d30_0, 0;
    %load/vec4 v0x56093ac68e60_0;
    %load/vec4 v0x56093ac68d30_0;
    %parti/s 1, 31, 6;
    %pad/u 32;
    %cmp/u;
    %flag_or 5, 4;
    %jmp/0xz  T_6.6, 5;
    %load/vec4 v0x56093ac68d30_0;
    %load/vec4 v0x56093ac68e60_0;
    %pad/u 64;
    %sub;
    %assign/vec4 v0x56093ac68d30_0, 0;
    %load/vec4 v0x56093ac691c0_0;
    %pushi/vec4 1, 0, 32;
    %or;
    %assign/vec4 v0x56093ac691c0_0, 0;
T_6.6 ;
    %load/vec4 v0x56093ac68a80_0;
    %subi 1, 0, 6;
    %assign/vec4 v0x56093ac68a80_0, 0;
    %load/vec4 v0x56093ac68a80_0;
    %pad/u 32;
    %cmpi/e 1, 0, 32;
    %jmp/0xz  T_6.8, 4;
    %load/vec4 v0x56093ac691c0_0;
    %assign/vec4 v0x56093ac68f40_0, 0;
    %load/vec4 v0x56093ac68d30_0;
    %parti/s 32, 0, 2;
    %assign/vec4 v0x56093ac69020_0, 0;
T_6.8 ;
T_6.3 ;
T_6.1 ;
    %jmp T_6;
    .thread T_6;
    .scope S_0x56093ac67d50;
T_7 ;
    %wait E_0x56093ac2a070;
    %load/vec4 v0x56093ac695f0_0;
    %nor/r;
    %flag_set/vec4 8;
    %jmp/0xz  T_7.0, 8;
    %pushi/vec4 0, 0, 32;
    %assign/vec4 v0x56093ac69a70_0, 0;
    %pushi/vec4 0, 0, 4;
    %assign/vec4 v0x56093ac69b50_0, 0;
    %pushi/vec4 0, 0, 32;
    %assign/vec4 v0x56093ac69820_0, 0;
    %pushi/vec4 0, 0, 32;
    %assign/vec4 v0x56093ac698e0_0, 0;
    %jmp T_7.1;
T_7.0 ;
    %pushi/vec4 0, 0, 4;
    %assign/vec4 v0x56093ac69b50_0, 0;
    %load/vec4 v0x56093ac699b0_0;
    %dup/vec4;
    %pushi/vec4 0, 0, 4;
    %cmp/u;
    %jmp/1 T_7.2, 6;
    %dup/vec4;
    %pushi/vec4 1, 0, 4;
    %cmp/u;
    %jmp/1 T_7.3, 6;
    %dup/vec4;
    %pushi/vec4 2, 0, 4;
    %cmp/u;
    %jmp/1 T_7.4, 6;
    %dup/vec4;
    %pushi/vec4 3, 0, 4;
    %cmp/u;
    %jmp/1 T_7.5, 6;
    %pushi/vec4 1, 0, 1;
    %ix/load 4, 3, 0;
    %ix/load 5, 0, 0;
    %flag_set/imm 4, 0;
    %assign/vec4/off/d v0x56093ac69b50_0, 4, 5;
    %jmp T_7.7;
T_7.2 ;
    %load/vec4 v0x56093ac69760_0;
    %cmpi/u 32, 0, 32;
    %flag_inv 5; GE is !LT
    %jmp/0xz  T_7.8, 5;
    %pushi/vec4 1, 0, 1;
    %ix/load 4, 3, 0;
    %ix/load 5, 0, 0;
    %flag_set/imm 4, 0;
    %assign/vec4/off/d v0x56093ac69b50_0, 4, 5;
    %jmp T_7.9;
T_7.8 ;
    %load/vec4 v0x56093ac696c0_0;
    %ix/getv 4, v0x56093ac69760_0;
    %shiftr 4;
    %assign/vec4 v0x56093ac69a70_0, 0;
    %load/vec4 v0x56093ac696c0_0;
    %pushi/vec4 1, 0, 32;
    %ix/getv 4, v0x56093ac69760_0;
    %shiftl 4;
    %subi 1, 0, 32;
    %and;
    %or/r;
    %ix/load 4, 0, 0;
    %ix/load 5, 0, 0;
    %flag_set/imm 4, 0;
    %assign/vec4/off/d v0x56093ac69b50_0, 4, 5;
T_7.9 ;
    %jmp T_7.7;
T_7.3 ;
    %load/vec4 v0x56093ac696c0_0;
    %parti/s 1, 31, 6;
    %load/vec4 v0x56093ac69760_0;
    %parti/s 1, 31, 6;
    %cmp/e;
    %jmp/0xz  T_7.10, 4;
    %load/vec4 v0x56093ac696c0_0;
    %load/vec4 v0x56093ac69760_0;
    %cmp/u;
    %flag_mov 8, 5;
    %jmp/0 T_7.12, 8;
    %pushi/vec4 1, 0, 32;
    %jmp/1 T_7.13, 8;
T_7.12 ; End of true expr.
    %pushi/vec4 0, 0, 32;
    %jmp/0 T_7.13, 8;
 ; End of false expr.
    %blend;
T_7.13;
    %assign/vec4 v0x56093ac69a70_0, 0;
    %jmp T_7.11;
T_7.10 ;
    %load/vec4 v0x56093ac696c0_0;
    %parti/s 1, 31, 6;
    %flag_set/vec4 8;
    %jmp/0 T_7.14, 8;
    %pushi/vec4 0, 0, 32;
    %jmp/1 T_7.15, 8;
T_7.14 ; End of true expr.
    %pushi/vec4 1, 0, 32;
    %jmp/0 T_7.15, 8;
 ; End of false expr.
    %blend;
T_7.15;
    %assign/vec4 v0x56093ac69a70_0, 0;
T_7.11 ;
    %jmp T_7.7;
T_7.4 ;
    %load/vec4 v0x56093ac69760_0;
    %cmpi/e 0, 0, 32;
    %jmp/0xz  T_7.16, 4;
    %pushi/vec4 1, 0, 1;
    %ix/load 4, 3, 0;
    %ix/load 5, 0, 0;
    %flag_set/imm 4, 0;
    %assign/vec4/off/d v0x56093ac69b50_0, 4, 5;
    %jmp T_7.17;
T_7.16 ;
    %load/vec4 v0x56093ac696c0_0;
    %assign/vec4 v0x56093ac69820_0, 0;
    %load/vec4 v0x56093ac69760_0;
    %assign/vec4 v0x56093ac698e0_0, 0;
    %load/vec4 v0x56093ac69420_0;
    %assign/vec4 v0x56093ac69a70_0, 0;
T_7.17 ;
    %jmp T_7.7;
T_7.5 ;
    %load/vec4 v0x56093ac696c0_0;
    %parti/s 1, 31, 6;
    %flag_set/vec4 8;
    %jmp/0xz  T_7.18, 8;
    %load/vec4 v0x56093ac696c0_0;
    %inv;
    %addi 1, 0, 32;
    %assign/vec4 v0x56093ac69a70_0, 0;
    %jmp T_7.19;
T_7.18 ;
    %load/vec4 v0x56093ac696c0_0;
    %assign/vec4 v0x56093ac69a70_0, 0;
T_7.19 ;
    %jmp T_7.7;
T_7.7 ;
    %pop/vec4 1;
    %load/vec4 v0x56093ac69a70_0;
    %pushi/vec4 0, 0, 32;
    %cmp/e;
    %flag_get/vec4 4;
    %ix/load 4, 1, 0;
    %ix/load 5, 0, 0;
    %flag_set/imm 4, 0;
    %assign/vec4/off/d v0x56093ac69b50_0, 4, 5;
    %load/vec4 v0x56093ac69a70_0;
    %xor/r;
    %load/vec4 v0x56093ac69b50_0;
    %parti/s 1, 3, 3;
    %inv;
    %and;
    %ix/load 4, 2, 0;
    %ix/load 5, 0, 0;
    %flag_set/imm 4, 0;
    %assign/vec4/off/d v0x56093ac69b50_0, 4, 5;
T_7.1 ;
    %jmp T_7;
    .thread T_7;
    .scope S_0x56093ac2f150;
T_8 ;
    %pushi/vec4 0, 0, 1;
    %store/vec4 v0x56093ac69d10_0, 0, 1;
T_8.0 ;
    %delay 10000, 0;
    %load/vec4 v0x56093ac69d10_0;
    %inv;
    %store/vec4 v0x56093ac69d10_0, 0, 1;
    %jmp T_8.0;
    %end;
    .thread T_8;
    .scope S_0x56093ac2f150;
T_9 ;
    %pushi/vec4 0, 0, 1;
    %store/vec4 v0x56093ac69dd0_0, 0, 1;
    %delay 20000, 0;
    %pushi/vec4 1, 0, 1;
    %store/vec4 v0x56093ac69dd0_0, 0, 1;
    %delay 20000, 0;
    %fork TD_test_sync_arith_unit_29.perform_shift_tests, S_0x56093ac67940;
    %join;
    %fork TD_test_sync_arith_unit_29.perform_compare_as_tests, S_0x56093ac67580;
    %join;
    %fork TD_test_sync_arith_unit_29.perform_divide_tests, S_0x56093ac67760;
    %join;
    %fork TD_test_sync_arith_unit_29.perform_zm_to_u2_tests, S_0x56093ac67b70;
    %join;
    %vpi_call 2 47 "$finish" {0 0 0};
    %end;
    .thread T_9;
# The file index is used to find the file name in the following table.
:file_names 5;
    "N/A";
    "<interactive>";
    "sync_arith_unit_29_tb.sv";
    "./sync_arith_unit_29.sv";
    "./divider.sv";
